[0.342s] Invoking command in '/home/hirose/ros2_ws/src/mypkg': PYTHONPATH=/home/hirose/ros2_ws/build/mypkg/prefix_override:/usr/lib/python3/dist-packages/colcon_core/task/python/colcon_distutils_commands:/home/hirose/ros2_ws/install/mypkg/lib/python3.10/site-packages:${PYTHONPATH} /usr/bin/python3 -W ignore:setup.py install is deprecated -W ignore:easy_install command is deprecated setup.py egg_info --egg-base ../../build/mypkg build --build-base /home/hirose/ros2_ws/build/mypkg/build install --record /home/hirose/ros2_ws/build/mypkg/install.log --single-version-externally-managed install_data
[0.463s] running egg_info
[0.464s] writing ../../build/mypkg/mypkg.egg-info/PKG-INFO
[0.464s] writing dependency_links to ../../build/mypkg/mypkg.egg-info/dependency_links.txt
[0.464s] writing entry points to ../../build/mypkg/mypkg.egg-info/entry_points.txt
[0.465s] writing requirements to ../../build/mypkg/mypkg.egg-info/requires.txt
[0.465s] writing top-level names to ../../build/mypkg/mypkg.egg-info/top_level.txt
[0.466s] reading manifest file '../../build/mypkg/mypkg.egg-info/SOURCES.txt'
[0.467s] writing manifest file '../../build/mypkg/mypkg.egg-info/SOURCES.txt'
[0.467s] running build
[0.467s] running build_py
[0.467s] copying mypkg/datetime_listener.py -> /home/hirose/ros2_ws/build/mypkg/build/lib/mypkg
[0.467s] running install
[0.467s] running install_lib
[0.468s] copying /home/hirose/ros2_ws/build/mypkg/build/lib/mypkg/datetime_listener.py -> /home/hirose/ros2_ws/install/mypkg/lib/python3.10/site-packages/mypkg
[0.468s] byte-compiling /home/hirose/ros2_ws/install/mypkg/lib/python3.10/site-packages/mypkg/datetime_listener.py to datetime_listener.cpython-310.pyc
[0.468s] running install_data
[0.468s] running install_egg_info
[0.470s] removing '/home/hirose/ros2_ws/install/mypkg/lib/python3.10/site-packages/mypkg-0.0.0-py3.10.egg-info' (and everything under it)
[0.470s] Copying ../../build/mypkg/mypkg.egg-info to /home/hirose/ros2_ws/install/mypkg/lib/python3.10/site-packages/mypkg-0.0.0-py3.10.egg-info
[0.471s] running install_scripts
[0.482s] Installing datetime_listener script to /home/hirose/ros2_ws/install/mypkg/lib/mypkg
[0.483s] Installing datetime_talker script to /home/hirose/ros2_ws/install/mypkg/lib/mypkg
[0.483s] writing list of installed files to '/home/hirose/ros2_ws/build/mypkg/install.log'
[0.499s] Invoked command in '/home/hirose/ros2_ws/src/mypkg' returned '0': PYTHONPATH=/home/hirose/ros2_ws/build/mypkg/prefix_override:/usr/lib/python3/dist-packages/colcon_core/task/python/colcon_distutils_commands:/home/hirose/ros2_ws/install/mypkg/lib/python3.10/site-packages:${PYTHONPATH} /usr/bin/python3 -W ignore:setup.py install is deprecated -W ignore:easy_install command is deprecated setup.py egg_info --egg-base ../../build/mypkg build --build-base /home/hirose/ros2_ws/build/mypkg/build install --record /home/hirose/ros2_ws/build/mypkg/install.log --single-version-externally-managed install_data
