[0.380s] Invoking command in '/home/hirose/ros2_ws/src/mypkg': PYTHONPATH=/home/hirose/ros2_ws/src/mypkg/build/mypkg/prefix_override:/usr/lib/python3/dist-packages/colcon_core/task/python/colcon_distutils_commands:/home/hirose/ros2_ws/src/mypkg/install/mypkg/lib/python3.10/site-packages:${PYTHONPATH} /usr/bin/python3 -W ignore:setup.py install is deprecated -W ignore:easy_install command is deprecated setup.py egg_info --egg-base build/mypkg build --build-base /home/hirose/ros2_ws/src/mypkg/build/mypkg/build install --record /home/hirose/ros2_ws/src/mypkg/build/mypkg/install.log --single-version-externally-managed install_data
[0.514s] running egg_info
[0.514s] creating build/mypkg/mypkg.egg-info
[0.515s] writing build/mypkg/mypkg.egg-info/PKG-INFO
[0.515s] writing dependency_links to build/mypkg/mypkg.egg-info/dependency_links.txt
[0.515s] writing entry points to build/mypkg/mypkg.egg-info/entry_points.txt
[0.515s] writing requirements to build/mypkg/mypkg.egg-info/requires.txt
[0.515s] writing top-level names to build/mypkg/mypkg.egg-info/top_level.txt
[0.516s] writing manifest file 'build/mypkg/mypkg.egg-info/SOURCES.txt'
[0.517s] reading manifest file 'build/mypkg/mypkg.egg-info/SOURCES.txt'
[0.517s] writing manifest file 'build/mypkg/mypkg.egg-info/SOURCES.txt'
[0.517s] running build
[0.517s] running build_py
[0.518s] creating /home/hirose/ros2_ws/src/mypkg/build/mypkg/build
[0.518s] creating /home/hirose/ros2_ws/src/mypkg/build/mypkg/build/lib
[0.518s] creating /home/hirose/ros2_ws/src/mypkg/build/mypkg/build/lib/mypkg
[0.518s] copying mypkg/datetime_talker.py -> /home/hirose/ros2_ws/src/mypkg/build/mypkg/build/lib/mypkg
[0.519s] copying mypkg/__init__.py -> /home/hirose/ros2_ws/src/mypkg/build/mypkg/build/lib/mypkg
[0.519s] running install
[0.519s] running install_lib
[0.519s] creating /home/hirose/ros2_ws/src/mypkg/install/mypkg/lib/python3.10/site-packages/mypkg
[0.519s] copying /home/hirose/ros2_ws/src/mypkg/build/mypkg/build/lib/mypkg/datetime_talker.py -> /home/hirose/ros2_ws/src/mypkg/install/mypkg/lib/python3.10/site-packages/mypkg
[0.519s] copying /home/hirose/ros2_ws/src/mypkg/build/mypkg/build/lib/mypkg/__init__.py -> /home/hirose/ros2_ws/src/mypkg/install/mypkg/lib/python3.10/site-packages/mypkg
[0.520s] byte-compiling /home/hirose/ros2_ws/src/mypkg/install/mypkg/lib/python3.10/site-packages/mypkg/datetime_talker.py to datetime_talker.cpython-310.pyc
[0.520s] byte-compiling /home/hirose/ros2_ws/src/mypkg/install/mypkg/lib/python3.10/site-packages/mypkg/__init__.py to __init__.cpython-310.pyc
[0.521s] running install_data
[0.521s] creating /home/hirose/ros2_ws/src/mypkg/install/mypkg/share/ament_index
[0.521s] creating /home/hirose/ros2_ws/src/mypkg/install/mypkg/share/ament_index/resource_index
[0.521s] creating /home/hirose/ros2_ws/src/mypkg/install/mypkg/share/ament_index/resource_index/packages
[0.521s] copying resource/mypkg -> /home/hirose/ros2_ws/src/mypkg/install/mypkg/share/ament_index/resource_index/packages
[0.521s] copying package.xml -> /home/hirose/ros2_ws/src/mypkg/install/mypkg/share/mypkg
[0.521s] running install_egg_info
[0.522s] Copying build/mypkg/mypkg.egg-info to /home/hirose/ros2_ws/src/mypkg/install/mypkg/lib/python3.10/site-packages/mypkg-0.0.0-py3.10.egg-info
[0.523s] running install_scripts
[0.537s] Installing datetime_talker script to /home/hirose/ros2_ws/src/mypkg/install/mypkg/lib/mypkg
[0.537s] writing list of installed files to '/home/hirose/ros2_ws/src/mypkg/build/mypkg/install.log'
[0.554s] Invoked command in '/home/hirose/ros2_ws/src/mypkg' returned '0': PYTHONPATH=/home/hirose/ros2_ws/src/mypkg/build/mypkg/prefix_override:/usr/lib/python3/dist-packages/colcon_core/task/python/colcon_distutils_commands:/home/hirose/ros2_ws/src/mypkg/install/mypkg/lib/python3.10/site-packages:${PYTHONPATH} /usr/bin/python3 -W ignore:setup.py install is deprecated -W ignore:easy_install command is deprecated setup.py egg_info --egg-base build/mypkg build --build-base /home/hirose/ros2_ws/src/mypkg/build/mypkg/build install --record /home/hirose/ros2_ws/src/mypkg/build/mypkg/install.log --single-version-externally-managed install_data
