[0.376s] Invoking command in '/home/hirose/ros2_ws/src/mypkg': PYTHONPATH=/home/hirose/ros2_ws/build/mypkg/prefix_override:/usr/lib/python3/dist-packages/colcon_core/task/python/colcon_distutils_commands:/home/hirose/ros2_ws/install/mypkg/lib/python3.10/site-packages:${PYTHONPATH} /usr/bin/python3 -W ignore:setup.py install is deprecated -W ignore:easy_install command is deprecated setup.py egg_info --egg-base ../../build/mypkg build --build-base /home/hirose/ros2_ws/build/mypkg/build install --record /home/hirose/ros2_ws/build/mypkg/install.log --single-version-externally-managed install_data
[0.505s] running egg_info
[0.505s] writing ../../build/mypkg/mypkg.egg-info/PKG-INFO
[0.506s] writing dependency_links to ../../build/mypkg/mypkg.egg-info/dependency_links.txt
[0.506s] writing entry points to ../../build/mypkg/mypkg.egg-info/entry_points.txt
[0.506s] writing requirements to ../../build/mypkg/mypkg.egg-info/requires.txt
[0.506s] writing top-level names to ../../build/mypkg/mypkg.egg-info/top_level.txt
[0.508s] reading manifest file '../../build/mypkg/mypkg.egg-info/SOURCES.txt'
[0.508s] writing manifest file '../../build/mypkg/mypkg.egg-info/SOURCES.txt'
[0.508s] running build
[0.508s] running build_py
[0.509s] running install
[0.509s] running install_lib
[0.510s] running install_data
[0.510s] copying package.xml -> /home/hirose/ros2_ws/install/mypkg/share/mypkg
[0.510s] copying launch/datetime_talk_listen.launch.py -> /home/hirose/ros2_ws/install/mypkg/share/mypkg
[0.510s] running install_egg_info
[0.512s] removing '/home/hirose/ros2_ws/install/mypkg/lib/python3.10/site-packages/mypkg-0.0.0-py3.10.egg-info' (and everything under it)
[0.512s] Copying ../../build/mypkg/mypkg.egg-info to /home/hirose/ros2_ws/install/mypkg/lib/python3.10/site-packages/mypkg-0.0.0-py3.10.egg-info
[0.513s] running install_scripts
[0.526s] Installing datetime_listener script to /home/hirose/ros2_ws/install/mypkg/lib/mypkg
[0.527s] Installing datetime_talker script to /home/hirose/ros2_ws/install/mypkg/lib/mypkg
[0.527s] writing list of installed files to '/home/hirose/ros2_ws/build/mypkg/install.log'
[0.544s] Invoked command in '/home/hirose/ros2_ws/src/mypkg' returned '0': PYTHONPATH=/home/hirose/ros2_ws/build/mypkg/prefix_override:/usr/lib/python3/dist-packages/colcon_core/task/python/colcon_distutils_commands:/home/hirose/ros2_ws/install/mypkg/lib/python3.10/site-packages:${PYTHONPATH} /usr/bin/python3 -W ignore:setup.py install is deprecated -W ignore:easy_install command is deprecated setup.py egg_info --egg-base ../../build/mypkg build --build-base /home/hirose/ros2_ws/build/mypkg/build install --record /home/hirose/ros2_ws/build/mypkg/install.log --single-version-externally-managed install_data
