running egg_info
writing ../../build/mypkg/mypkg.egg-info/PKG-INFO
writing dependency_links to ../../build/mypkg/mypkg.egg-info/dependency_links.txt
writing entry points to ../../build/mypkg/mypkg.egg-info/entry_points.txt
writing requirements to ../../build/mypkg/mypkg.egg-info/requires.txt
writing top-level names to ../../build/mypkg/mypkg.egg-info/top_level.txt
reading manifest file '../../build/mypkg/mypkg.egg-info/SOURCES.txt'
writing manifest file '../../build/mypkg/mypkg.egg-info/SOURCES.txt'
running build
running build_py
copying mypkg/datetime_talker.py -> /home/hirose/ros2_ws/build/mypkg/build/lib/mypkg
running install
running install_lib
copying /home/hirose/ros2_ws/build/mypkg/build/lib/mypkg/datetime_talker.py -> /home/hirose/ros2_ws/install/mypkg/lib/python3.10/site-packages/mypkg
byte-compiling /home/hirose/ros2_ws/install/mypkg/lib/python3.10/site-packages/mypkg/datetime_talker.py to datetime_talker.cpython-310.pyc
running install_data
copying package.xml -> /home/hirose/ros2_ws/install/mypkg/share/mypkg
running install_egg_info
removing '/home/hirose/ros2_ws/install/mypkg/lib/python3.10/site-packages/mypkg-0.0.0-py3.10.egg-info' (and everything under it)
Copying ../../build/mypkg/mypkg.egg-info to /home/hirose/ros2_ws/install/mypkg/lib/python3.10/site-packages/mypkg-0.0.0-py3.10.egg-info
running install_scripts
Installing datetime_talker script to /home/hirose/ros2_ws/install/mypkg/lib/mypkg
writing list of installed files to '/home/hirose/ros2_ws/build/mypkg/install.log'
