[0.376s] Invoking command in '/home/hirose/ros2_ws/src/mypkg': PYTHONPATH=/home/hirose/ros2_ws/build/mypkg/prefix_override:/usr/lib/python3/dist-packages/colcon_core/task/python/colcon_distutils_commands:/home/hirose/ros2_ws/install/mypkg/lib/python3.10/site-packages:${PYTHONPATH} /usr/bin/python3 -W ignore:setup.py install is deprecated -W ignore:easy_install command is deprecated setup.py egg_info --egg-base ../../build/mypkg build --build-base /home/hirose/ros2_ws/build/mypkg/build install --record /home/hirose/ros2_ws/build/mypkg/install.log --single-version-externally-managed install_data
[0.500s] running egg_info
[0.500s] creating ../../build/mypkg/mypkg.egg-info
[0.501s] writing ../../build/mypkg/mypkg.egg-info/PKG-INFO
[0.501s] writing dependency_links to ../../build/mypkg/mypkg.egg-info/dependency_links.txt
[0.501s] writing entry points to ../../build/mypkg/mypkg.egg-info/entry_points.txt
[0.501s] writing requirements to ../../build/mypkg/mypkg.egg-info/requires.txt
[0.501s] writing top-level names to ../../build/mypkg/mypkg.egg-info/top_level.txt
[0.502s] writing manifest file '../../build/mypkg/mypkg.egg-info/SOURCES.txt'
[0.503s] reading manifest file '../../build/mypkg/mypkg.egg-info/SOURCES.txt'
[0.503s] writing manifest file '../../build/mypkg/mypkg.egg-info/SOURCES.txt'
[0.503s] running build
[0.503s] running build_py
[0.503s] creating /home/hirose/ros2_ws/build/mypkg/build
[0.503s] creating /home/hirose/ros2_ws/build/mypkg/build/lib
[0.503s] creating /home/hirose/ros2_ws/build/mypkg/build/lib/mypkg
[0.503s] copying mypkg/__init__.py -> /home/hirose/ros2_ws/build/mypkg/build/lib/mypkg
[0.503s] running install
[0.504s] running install_lib
[0.504s] creating /home/hirose/ros2_ws/install/mypkg/lib/python3.10/site-packages/mypkg
[0.504s] copying /home/hirose/ros2_ws/build/mypkg/build/lib/mypkg/__init__.py -> /home/hirose/ros2_ws/install/mypkg/lib/python3.10/site-packages/mypkg
[0.505s] byte-compiling /home/hirose/ros2_ws/install/mypkg/lib/python3.10/site-packages/mypkg/__init__.py to __init__.cpython-310.pyc
[0.505s] running install_data
[0.505s] creating /home/hirose/ros2_ws/install/mypkg/share/ament_index
[0.505s] creating /home/hirose/ros2_ws/install/mypkg/share/ament_index/resource_index
[0.505s] creating /home/hirose/ros2_ws/install/mypkg/share/ament_index/resource_index/packages
[0.505s] copying resource/mypkg -> /home/hirose/ros2_ws/install/mypkg/share/ament_index/resource_index/packages
[0.506s] copying package.xml -> /home/hirose/ros2_ws/install/mypkg/share/mypkg
[0.506s] running install_egg_info
[0.507s] Copying ../../build/mypkg/mypkg.egg-info to /home/hirose/ros2_ws/install/mypkg/lib/python3.10/site-packages/mypkg-0.0.0-py3.10.egg-info
[0.507s] running install_scripts
[0.521s] writing list of installed files to '/home/hirose/ros2_ws/build/mypkg/install.log'
[0.537s] Invoked command in '/home/hirose/ros2_ws/src/mypkg' returned '0': PYTHONPATH=/home/hirose/ros2_ws/build/mypkg/prefix_override:/usr/lib/python3/dist-packages/colcon_core/task/python/colcon_distutils_commands:/home/hirose/ros2_ws/install/mypkg/lib/python3.10/site-packages:${PYTHONPATH} /usr/bin/python3 -W ignore:setup.py install is deprecated -W ignore:easy_install command is deprecated setup.py egg_info --egg-base ../../build/mypkg build --build-base /home/hirose/ros2_ws/build/mypkg/build install --record /home/hirose/ros2_ws/build/mypkg/install.log --single-version-externally-managed install_data
